* using log directory ‘/Users/julian/Repositories/GapAnalysis/GapAnalysis.Rcheck’
* using R version 3.5.2 (2018-12-20)
* using platform: x86_64-apple-darwin15.6.0 (64-bit)
* using session charset: UTF-8
* checking for file ‘GapAnalysis/DESCRIPTION’ ... OK
* checking extension type ... Package
* this is package ‘GapAnalysis’ version ‘1.0’
* package encoding: UTF-8
* checking package namespace information ... OK
* checking package dependencies ... OK
* checking if this is a source package ... OK
* checking if there is a namespace ... OK
* checking for executable files ... OK
* checking for hidden files and directories ... OK
* checking for portable file names ... OK
* checking for sufficient/correct file permissions ... OK
* checking whether package ‘GapAnalysis’ can be installed ... OK
* checking installed package size ... OK
* checking package directory ... OK
* checking DESCRIPTION meta-information ... OK
* checking top-level files ... OK
* checking for left-over files ... OK
* checking index information ... OK
* checking package subdirectories ... OK
* checking R files for non-ASCII characters ... OK
* checking R files for syntax errors ... OK
* checking whether the package can be loaded ... OK
* checking whether the package can be loaded with stated dependencies ... OK
* checking whether the package can be unloaded cleanly ... OK
* checking whether the namespace can be loaded with stated dependencies ... OK
* checking whether the namespace can be unloaded cleanly ... OK
* checking dependencies in R code ... NOTE
Namespaces in Imports field not imported from:
  ‘devtools’ ‘lwgeom’ ‘rgdal’ ‘rlang’ ‘tidyselect’ ‘usethis’
  All declared Imports should be used.
* checking S3 generic/method consistency ... OK
* checking replacement functions ... OK
* checking foreign function calls ... OK
* checking R code for possible problems ... OK
* checking Rd files ... OK
* checking Rd metadata ... OK
* checking Rd cross-references ... OK
* checking for missing documentation entries ... OK
* checking for code/documentation mismatches ... OK
* checking Rd \usage sections ... OK
* checking Rd contents ... OK
* checking for unstated dependencies in examples ... OK
* checking contents of ‘data’ directory ... OK
* checking data for non-ASCII characters ... NOTE
  Note: found 2 marked UTF-8 strings
* checking data for ASCII and uncompressed saves ... OK
* checking examples ... ERROR
Running examples in ‘GapAnalysis-Ex.R’ failed
The error most likely occurred in:

> ### Name: ERSex
> ### Title: Environmental representativeness score estimation (Ex-situ
> ###   conservation)
> ### Aliases: ERSex
> 
> ### ** Examples
> 
> ##Obtaining occurrences from example
> data(cucurbitaData)
> speciesList <- unique(cucurbitaData$taxon)
> ## Obtaining rasterList object. ##
> data(cucurbitaRasters)
> cucurbitaRasters <- raster::unstack(cucurbitaRasters)
> ##Obtaining ecoregions shapefile
> data(ecoregions)
> 
> ERSex_df <- ERSex(species_list = speciesList,
+                     occurrenceData = cucurbitaData,
+                     raster_list = cucurbitaRasters,
+                     bufferDistance = 50000,
+                     ecoReg=ecoregions)
pj_obj_create: Cannot find proj.db
Error in fasterize::fasterize(buffer, sdm) : 
  Index out of bounds: [index='proj4string'].
Calls: ERSex -> <Anonymous>
Execution halted
* checking PDF version of manual ... OK
* DONE
Status: 1 ERROR, 2 NOTEs
