Hmm ... looks like a package

This is pdfTeX, Version 3.14159265-2.6-1.40.20 (TeX Live 2019) (preloaded format=pdflatex)
 restricted \write18 enabled.
entering extended mode
LaTeX2e <2019-10-01> patch level 3
(./Rd2.tex
(/usr/local/texlive/2019basic/texmf-dist/tex/latex/base/book.cls
Document Class: book 2019/10/25 v1.4k Standard LaTeX document class
(/usr/local/texlive/2019basic/texmf-dist/tex/latex/base/bk10.clo))
(/Library/Frameworks/R.framework/Resources/share/texmf/tex/latex/Rd.sty
(/usr/local/texlive/2019basic/texmf-dist/tex/latex/base/ifthen.sty)
(/usr/local/texlive/2019basic/texmf-dist/tex/latex/tools/longtable.sty)
(/usr/local/texlive/2019basic/texmf-dist/tex/latex/tools/bm.sty)
(/usr/local/texlive/2019basic/texmf-dist/tex/latex/base/alltt.sty)
(/usr/local/texlive/2019basic/texmf-dist/tex/latex/tools/verbatim.sty)
(/usr/local/texlive/2019basic/texmf-dist/tex/latex/url/url.sty)
(/usr/local/texlive/2019basic/texmf-dist/tex/latex/base/textcomp.sty
(/usr/local/texlive/2019basic/texmf-dist/tex/latex/base/ts1enc.def
(/usr/local/texlive/2019basic/texmf-dist/tex/latex/base/ts1enc.dfu)))
(/usr/local/texlive/2019basic/texmf-dist/tex/latex/base/fontenc.sty
(/usr/local/texlive/2019basic/texmf-dist/tex/latex/base/t1enc.def))
(/usr/local/texlive/2019basic/texmf-dist/tex/latex/psnfss/times.sty)
(/usr/local/texlive/2019basic/texmf-dist/tex/latex/inconsolata/zi4.sty
`inconsolata-zi4' v1.12, 2019/05/17 Text macros for Inconsolata (msharpe)
(/usr/local/texlive/2019basic/texmf-dist/tex/latex/xkeyval/xkeyval.sty
(/usr/local/texlive/2019basic/texmf-dist/tex/generic/xkeyval/xkeyval.tex
(/usr/local/texlive/2019basic/texmf-dist/tex/generic/xkeyval/xkvutils.tex
(/usr/local/texlive/2019basic/texmf-dist/tex/generic/xkeyval/keyval.tex)))))
(/usr/local/texlive/2019basic/texmf-dist/tex/latex/graphics/color.sty
(/usr/local/texlive/2019basic/texmf-dist/tex/latex/graphics-cfg/color.cfg)
(/usr/local/texlive/2019basic/texmf-dist/tex/latex/graphics-def/pdftex.def))
(/usr/local/texlive/2019basic/texmf-dist/tex/latex/hyperref/hyperref.sty
(/usr/local/texlive/2019basic/texmf-dist/tex/generic/ltxcmds/ltxcmds.sty)
(/usr/local/texlive/2019basic/texmf-dist/tex/generic/iftex/iftex.sty)
(/usr/local/texlive/2019basic/texmf-dist/tex/latex/pdftexcmds/pdftexcmds.sty
(/usr/local/texlive/2019basic/texmf-dist/tex/generic/infwarerr/infwarerr.sty))
(/usr/local/texlive/2019basic/texmf-dist/tex/generic/kvsetkeys/kvsetkeys.sty)
(/usr/local/texlive/2019basic/texmf-dist/tex/generic/kvdefinekeys/kvdefinekeys.
sty)
(/usr/local/texlive/2019basic/texmf-dist/tex/generic/pdfescape/pdfescape.sty)
(/usr/local/texlive/2019basic/texmf-dist/tex/latex/hycolor/hycolor.sty
(/usr/local/texlive/2019basic/texmf-dist/tex/latex/hycolor/xcolor-patch.sty
(/usr/local/texlive/2019basic/texmf-dist/tex/latex/oberdiek/hopatch.sty)))
(/usr/local/texlive/2019basic/texmf-dist/tex/latex/letltxmacro/letltxmacro.sty)
 (/usr/local/texlive/2019basic/texmf-dist/tex/latex/auxhook/auxhook.sty)
(/usr/local/texlive/2019basic/texmf-dist/tex/latex/kvoptions/kvoptions.sty)
(/usr/local/texlive/2019basic/texmf-dist/tex/latex/hyperref/pd1enc.def)
(/usr/local/texlive/2019basic/texmf-dist/tex/generic/intcalc/intcalc.sty)
(/usr/local/texlive/2019basic/texmf-dist/tex/generic/etexcmds/etexcmds.sty)
(/usr/local/texlive/2019basic/texmf-dist/tex/generic/bitset/bitset.sty
(/usr/local/texlive/2019basic/texmf-dist/tex/generic/bigintcalc/bigintcalc.sty)
) (/usr/local/texlive/2019basic/texmf-dist/tex/generic/atbegshi/atbegshi.sty))
(/usr/local/texlive/2019basic/texmf-dist/tex/latex/hyperref/hpdftex.def
(/usr/local/texlive/2019basic/texmf-dist/tex/latex/atveryend/atveryend.sty)
(/usr/local/texlive/2019basic/texmf-dist/tex/latex/rerunfilecheck/rerunfilechec
k.sty
(/usr/local/texlive/2019basic/texmf-dist/tex/generic/uniquecounter/uniquecounte
r.sty)))

Package hyperref Warning: Option `hyperindex' has already been used,
(hyperref)                setting the option has no effect on input line 366.


Package hyperref Warning: Option `pagebackref' has already been used,
(hyperref)                setting the option has no effect on input line 366.

) (/usr/local/texlive/2019basic/texmf-dist/tex/latex/base/makeidx.sty)
(/usr/local/texlive/2019basic/texmf-dist/tex/latex/base/inputenc.sty)
Writing index file Rd2.idx
No file Rd2.aux.
(/usr/local/texlive/2019basic/texmf-dist/tex/latex/base/ts1cmr.fd)
(/usr/local/texlive/2019basic/texmf-dist/tex/latex/psnfss/t1ptm.fd)
(/usr/local/texlive/2019basic/texmf-dist/tex/context/base/mkii/supp-pdf.mkii
[Loading MPS to PDF converter (version 2006.09.02).]
) (/usr/local/texlive/2019basic/texmf-dist/tex/latex/hyperref/nameref.sty
(/usr/local/texlive/2019basic/texmf-dist/tex/latex/refcount/refcount.sty)
(/usr/local/texlive/2019basic/texmf-dist/tex/generic/gettitlestring/gettitlestr
ing.sty))
(/usr/local/texlive/2019basic/texmf-dist/tex/latex/inconsolata/t1zi4.fd)
(/usr/local/texlive/2019basic/texmf-dist/tex/latex/psnfss/t1phv.fd) [1{/usr/loc
al/texlive/2019basic/texmf-var/fonts/map/pdftex/updmap/pdftex.map}] [2]
[3] [4]
Overfull \hbox (187.43742pt too wide) detected at line 219
\OML/cmm/m/it/10 ERSex \OT1/cmr/m/n/10 = \OML/cmm/m/it/10 min\OT1/cmr/m/n/10 (1
00\OML/cmm/m/it/10 ; \OT1/cmr/m/n/10 (\OML/cmm/m/it/10 Numberofecoregionswith\O
T1/cmr/m/n/10 50\OML/cmm/m/it/10 kmofGOccurrences=NumberofEcoregionsPresentwith
inthePredicthabitat\OT1/cmr/m/n/10 ) \OMS/cmsy/m/n/10 ^^C \OT1/cmr/m/n/10 100)

Overfull \hbox (24.05695pt too wide) in paragraph at lines 258--261
\T1/ptm/m/n/10 and sus-tain-able de-vel-op-ment tar-gets. Eco-log-i-cal In-di-c
a-tors. https://doi.org/10.1016/j.ecolind.2018.11.016 
[5]
Overfull \hbox (289.41573pt too wide) detected at line 289
\OML/cmm/m/it/10 ERSin \OT1/cmr/m/n/10 = \OML/cmm/m/it/10 min\OT1/cmr/m/n/10 (1
00\OML/cmm/m/it/10 ; \OT1/cmr/m/n/10 (\OML/cmm/m/it/10 Numberofecoregionsofgerm
plasmoccurrencesinprotectedareas=NumberofecoregionsofpredictedHabitatwithinprot
ectedareas\OT1/cmr/m/n/10 ) \OMS/cmsy/m/n/10 ^^C \OT1/cmr/m/n/10 100)

Underfull \vbox (badness 10000) has occurred while \output is active [6]
Overfull \hbox (24.05695pt too wide) in paragraph at lines 329--332
\T1/ptm/m/n/10 and sus-tain-able de-vel-op-ment tar-gets. Eco-log-i-cal In-di-c
a-tors. https://doi.org/10.1016/j.ecolind.2018.11.016 
[7]
Overfull \hbox (24.05695pt too wide) in paragraph at lines 408--411
\T1/ptm/m/n/10 and sus-tain-able de-vel-op-ment tar-gets. Eco-log-i-cal In-di-c
a-tors. https://doi.org/10.1016/j.ecolind.2018.11.016 
[8]
Overfull \hbox (24.05695pt too wide) in paragraph at lines 478--481
\T1/ptm/m/n/10 and sus-tain-able de-vel-op-ment tar-gets. Eco-log-i-cal In-di-c
a-tors. https://doi.org/10.1016/j.ecolind.2018.11.016 
[9] [10]
Overfull \hbox (24.05695pt too wide) in paragraph at lines 560--563
\T1/ptm/m/n/10 and sus-tain-able de-vel-op-ment tar-gets. Eco-log-i-cal In-di-c
a-tors. https://doi.org/10.1016/j.ecolind.2018.11.016 
[11]
Overfull \hbox (24.05695pt too wide) in paragraph at lines 644--647
\T1/ptm/m/n/10 and sus-tain-able de-vel-op-ment tar-gets. Eco-log-i-cal In-di-c
a-tors. https://doi.org/10.1016/j.ecolind.2018.11.016 
[12]
Overfull \hbox (42.84018pt too wide) detected at line 726
\OML/cmm/m/it/10 GRSex \OT1/cmr/m/n/10 = \OML/cmm/m/it/10 min\OT1/cmr/m/n/10 (1
00\OML/cmm/m/it/10 ; \OT1/cmr/m/n/10 (\OML/cmm/m/it/10 MaskedAreaofBufferedGOcc
urrences=TotalAreaofPredictedHabitat\OT1/cmr/m/n/10 ) \OMS/cmsy/m/n/10 ^^C \OT1
/cmr/m/n/10 100)
[13]
Overfull \hbox (24.05695pt too wide) in paragraph at lines 762--765
\T1/ptm/m/n/10 and sus-tain-able de-vel-op-ment tar-gets. Eco-log-i-cal In-di-c
a-tors. https://doi.org/10.1016/j.ecolind.2018.11.016 

Overfull \hbox (37.09273pt too wide) detected at line 793
\OML/cmm/m/it/10 GRSin \OT1/cmr/m/n/10 = \OML/cmm/m/it/10 min\OT1/cmr/m/n/10 (1
00\OML/cmm/m/it/10 ; \OT1/cmr/m/n/10 (\OML/cmm/m/it/10 PredictedHabitatwithinpr
otectedareas=TotalAreaofPredictedHabitat\OT1/cmr/m/n/10 ) \OMS/cmsy/m/n/10 ^^C 
\OT1/cmr/m/n/10 100)
[14]
Overfull \hbox (24.05695pt too wide) in paragraph at lines 830--833
\T1/ptm/m/n/10 and sus-tain-able de-vel-op-ment tar-gets. Eco-log-i-cal In-di-c
a-tors. https://doi.org/10.1016/j.ecolind.2018.11.016 
[15]
Overfull \hbox (24.05695pt too wide) in paragraph at lines 902--905
\T1/ptm/m/n/10 and sus-tain-able de-vel-op-ment tar-gets. Eco-log-i-cal In-di-c
a-tors. https://doi.org/10.1016/j.ecolind.2018.11.016 
[16]
Overfull \vbox (8.18602pt too high) has occurred while \output is active
[17]
Overfull \hbox (24.05695pt too wide) in paragraph at lines 973--976
\T1/ptm/m/n/10 and sus-tain-able de-vel-op-ment tar-gets. Eco-log-i-cal In-di-c
a-tors. https://doi.org/10.1016/j.ecolind.2018.11.016 

Overfull \hbox (24.05695pt too wide) in paragraph at lines 1010--1013
\T1/ptm/m/n/10 and sus-tain-able de-vel-op-ment tar-gets. Eco-log-i-cal In-di-c
a-tors. https://doi.org/10.1016/j.ecolind.2018.11.016 
[18]
Overfull \hbox (24.05695pt too wide) in paragraph at lines 1051--1054
\T1/ptm/m/n/10 and sus-tain-able de-vel-op-ment tar-gets. Eco-log-i-cal In-di-c
a-tors. https://doi.org/10.1016/j.ecolind.2018.11.016 
[19]
Overfull \hbox (24.05695pt too wide) in paragraph at lines 1110--1113
\T1/ptm/m/n/10 and sus-tain-able de-vel-op-ment tar-gets. Eco-log-i-cal In-di-c
a-tors. https://doi.org/10.1016/j.ecolind.2018.11.016 
[20] [21]
Overfull \hbox (24.05695pt too wide) in paragraph at lines 1195--1198
\T1/ptm/m/n/10 and sus-tain-able de-vel-op-ment tar-gets. Eco-log-i-cal In-di-c
a-tors. https://doi.org/10.1016/j.ecolind.2018.11.016 
[22]
No file Rd2.ind.
[23] (./Rd2.aux)

Package rerunfilecheck Warning: File `Rd2.out' has changed.
(rerunfilecheck)                Rerun to get outlines right
(rerunfilecheck)                or use package `bookmark'.

 )
(see the transcript file for additional information){/usr/local/texlive/2019bas
ic/texmf-dist/fonts/enc/dvips/base/8r.enc}{/usr/local/texlive/2019basic/texmf-d
ist/fonts/enc/dvips/inconsolata/i4-t1-0.enc}</usr/local/texlive/2019basic/texmf
-dist/fonts/type1/public/inconsolata/Inconsolata-zi4r.pfb></usr/local/texlive/2
019basic/texmf-dist/fonts/type1/public/amsfonts/cm/cmmi10.pfb></usr/local/texli
ve/2019basic/texmf-dist/fonts/type1/public/amsfonts/cm/cmr10.pfb></usr/local/te
xlive/2019basic/texmf-dist/fonts/type1/public/amsfonts/cm/cmsy10.pfb></usr/loca
l/texlive/2019basic/texmf-dist/fonts/type1/urw/helvetic/uhvr8a.pfb></usr/local/
texlive/2019basic/texmf-dist/fonts/type1/urw/times/utmb8a.pfb></usr/local/texli
ve/2019basic/texmf-dist/fonts/type1/urw/times/utmr8a.pfb></usr/local/texlive/20
19basic/texmf-dist/fonts/type1/urw/times/utmr8a.pfb></usr/local/texlive/2019bas
ic/texmf-dist/fonts/type1/urw/times/utmri8a.pfb>
Output written on Rd2.pdf (23 pages, 149733 bytes).
Transcript written on Rd2.log.
This is makeindex, version 2.15 [TeX Live 2019] (kpathsea + Thai support).
Scanning input file Rd2.idx....done (26 entries accepted, 0 rejected).
Sorting entries....done (123 comparisons).
Generating output file Rd2.ind....done (57 lines written, 0 warnings).
Output written in Rd2.ind.
Transcript written in Rd2.ilg.
This is pdfTeX, Version 3.14159265-2.6-1.40.20 (TeX Live 2019) (preloaded format=pdflatex)
 restricted \write18 enabled.
entering extended mode
LaTeX2e <2019-10-01> patch level 3
(./Rd2.tex
(/usr/local/texlive/2019basic/texmf-dist/tex/latex/base/book.cls
Document Class: book 2019/10/25 v1.4k Standard LaTeX document class
(/usr/local/texlive/2019basic/texmf-dist/tex/latex/base/bk10.clo))
(/Library/Frameworks/R.framework/Resources/share/texmf/tex/latex/Rd.sty
(/usr/local/texlive/2019basic/texmf-dist/tex/latex/base/ifthen.sty)
(/usr/local/texlive/2019basic/texmf-dist/tex/latex/tools/longtable.sty)
(/usr/local/texlive/2019basic/texmf-dist/tex/latex/tools/bm.sty)
(/usr/local/texlive/2019basic/texmf-dist/tex/latex/base/alltt.sty)
(/usr/local/texlive/2019basic/texmf-dist/tex/latex/tools/verbatim.sty)
(/usr/local/texlive/2019basic/texmf-dist/tex/latex/url/url.sty)
(/usr/local/texlive/2019basic/texmf-dist/tex/latex/base/textcomp.sty
(/usr/local/texlive/2019basic/texmf-dist/tex/latex/base/ts1enc.def
(/usr/local/texlive/2019basic/texmf-dist/tex/latex/base/ts1enc.dfu)))
(/usr/local/texlive/2019basic/texmf-dist/tex/latex/base/fontenc.sty
(/usr/local/texlive/2019basic/texmf-dist/tex/latex/base/t1enc.def))
(/usr/local/texlive/2019basic/texmf-dist/tex/latex/psnfss/times.sty)
(/usr/local/texlive/2019basic/texmf-dist/tex/latex/inconsolata/zi4.sty
`inconsolata-zi4' v1.12, 2019/05/17 Text macros for Inconsolata (msharpe)
(/usr/local/texlive/2019basic/texmf-dist/tex/latex/xkeyval/xkeyval.sty
(/usr/local/texlive/2019basic/texmf-dist/tex/generic/xkeyval/xkeyval.tex
(/usr/local/texlive/2019basic/texmf-dist/tex/generic/xkeyval/xkvutils.tex
(/usr/local/texlive/2019basic/texmf-dist/tex/generic/xkeyval/keyval.tex)))))
(/usr/local/texlive/2019basic/texmf-dist/tex/latex/graphics/color.sty
(/usr/local/texlive/2019basic/texmf-dist/tex/latex/graphics-cfg/color.cfg)
(/usr/local/texlive/2019basic/texmf-dist/tex/latex/graphics-def/pdftex.def))
(/usr/local/texlive/2019basic/texmf-dist/tex/latex/hyperref/hyperref.sty
(/usr/local/texlive/2019basic/texmf-dist/tex/generic/ltxcmds/ltxcmds.sty)
(/usr/local/texlive/2019basic/texmf-dist/tex/generic/iftex/iftex.sty)
(/usr/local/texlive/2019basic/texmf-dist/tex/latex/pdftexcmds/pdftexcmds.sty
(/usr/local/texlive/2019basic/texmf-dist/tex/generic/infwarerr/infwarerr.sty))
(/usr/local/texlive/2019basic/texmf-dist/tex/generic/kvsetkeys/kvsetkeys.sty)
(/usr/local/texlive/2019basic/texmf-dist/tex/generic/kvdefinekeys/kvdefinekeys.
sty)
(/usr/local/texlive/2019basic/texmf-dist/tex/generic/pdfescape/pdfescape.sty)
(/usr/local/texlive/2019basic/texmf-dist/tex/latex/hycolor/hycolor.sty
(/usr/local/texlive/2019basic/texmf-dist/tex/latex/hycolor/xcolor-patch.sty
(/usr/local/texlive/2019basic/texmf-dist/tex/latex/oberdiek/hopatch.sty)))
(/usr/local/texlive/2019basic/texmf-dist/tex/latex/letltxmacro/letltxmacro.sty)
 (/usr/local/texlive/2019basic/texmf-dist/tex/latex/auxhook/auxhook.sty)
(/usr/local/texlive/2019basic/texmf-dist/tex/latex/kvoptions/kvoptions.sty)
(/usr/local/texlive/2019basic/texmf-dist/tex/latex/hyperref/pd1enc.def)
(/usr/local/texlive/2019basic/texmf-dist/tex/generic/intcalc/intcalc.sty)
(/usr/local/texlive/2019basic/texmf-dist/tex/generic/etexcmds/etexcmds.sty)
(/usr/local/texlive/2019basic/texmf-dist/tex/generic/bitset/bitset.sty
(/usr/local/texlive/2019basic/texmf-dist/tex/generic/bigintcalc/bigintcalc.sty)
) (/usr/local/texlive/2019basic/texmf-dist/tex/generic/atbegshi/atbegshi.sty))
(/usr/local/texlive/2019basic/texmf-dist/tex/latex/hyperref/hpdftex.def
(/usr/local/texlive/2019basic/texmf-dist/tex/latex/atveryend/atveryend.sty)
(/usr/local/texlive/2019basic/texmf-dist/tex/latex/rerunfilecheck/rerunfilechec
k.sty
(/usr/local/texlive/2019basic/texmf-dist/tex/generic/uniquecounter/uniquecounte
r.sty)))

Package hyperref Warning: Option `hyperindex' has already been used,
(hyperref)                setting the option has no effect on input line 366.


Package hyperref Warning: Option `pagebackref' has already been used,
(hyperref)                setting the option has no effect on input line 366.

) (/usr/local/texlive/2019basic/texmf-dist/tex/latex/base/makeidx.sty)
(/usr/local/texlive/2019basic/texmf-dist/tex/latex/base/inputenc.sty)
Writing index file Rd2.idx
(./Rd2.aux) (/usr/local/texlive/2019basic/texmf-dist/tex/latex/base/ts1cmr.fd)
(/usr/local/texlive/2019basic/texmf-dist/tex/latex/psnfss/t1ptm.fd)
(/usr/local/texlive/2019basic/texmf-dist/tex/context/base/mkii/supp-pdf.mkii
[Loading MPS to PDF converter (version 2006.09.02).]
) (/usr/local/texlive/2019basic/texmf-dist/tex/latex/hyperref/nameref.sty
(/usr/local/texlive/2019basic/texmf-dist/tex/latex/refcount/refcount.sty)
(/usr/local/texlive/2019basic/texmf-dist/tex/generic/gettitlestring/gettitlestr
ing.sty)) (./Rd2.out) (./Rd2.out)
(/usr/local/texlive/2019basic/texmf-dist/tex/latex/inconsolata/t1zi4.fd)
(/usr/local/texlive/2019basic/texmf-dist/tex/latex/psnfss/t1phv.fd) (./Rd2.toc
[1{/usr/local/texlive/2019basic/texmf-var/fonts/map/pdftex/updmap/pdftex.map}])
[2] [3] [4]
Overfull \hbox (187.43742pt too wide) detected at line 219
\OML/cmm/m/it/10 ERSex \OT1/cmr/m/n/10 = \OML/cmm/m/it/10 min\OT1/cmr/m/n/10 (1
00\OML/cmm/m/it/10 ; \OT1/cmr/m/n/10 (\OML/cmm/m/it/10 Numberofecoregionswith\O
T1/cmr/m/n/10 50\OML/cmm/m/it/10 kmofGOccurrences=NumberofEcoregionsPresentwith
inthePredicthabitat\OT1/cmr/m/n/10 ) \OMS/cmsy/m/n/10 ^^C \OT1/cmr/m/n/10 100)

Overfull \vbox (17.20587pt too high) has occurred while \output is active
[5]
Overfull \hbox (24.05695pt too wide) in paragraph at lines 258--261
\T1/ptm/m/n/10 and sus-tain-able de-vel-op-ment tar-gets. Eco-log-i-cal In-di-c
a-tors. https://doi.org/10.1016/j.ecolind.2018.11.016 

Overfull \hbox (289.41573pt too wide) detected at line 289
\OML/cmm/m/it/10 ERSin \OT1/cmr/m/n/10 = \OML/cmm/m/it/10 min\OT1/cmr/m/n/10 (1
00\OML/cmm/m/it/10 ; \OT1/cmr/m/n/10 (\OML/cmm/m/it/10 Numberofecoregionsofgerm
plasmoccurrencesinprotectedareas=NumberofecoregionsofpredictedHabitatwithinprot
ectedareas\OT1/cmr/m/n/10 ) \OMS/cmsy/m/n/10 ^^C \OT1/cmr/m/n/10 100)
[6]
Overfull \hbox (24.05695pt too wide) in paragraph at lines 329--332
\T1/ptm/m/n/10 and sus-tain-able de-vel-op-ment tar-gets. Eco-log-i-cal In-di-c
a-tors. https://doi.org/10.1016/j.ecolind.2018.11.016 
[7]
Overfull \hbox (24.05695pt too wide) in paragraph at lines 408--411
\T1/ptm/m/n/10 and sus-tain-able de-vel-op-ment tar-gets. Eco-log-i-cal In-di-c
a-tors. https://doi.org/10.1016/j.ecolind.2018.11.016 
[8]
Overfull \hbox (24.05695pt too wide) in paragraph at lines 478--481
\T1/ptm/m/n/10 and sus-tain-able de-vel-op-ment tar-gets. Eco-log-i-cal In-di-c
a-tors. https://doi.org/10.1016/j.ecolind.2018.11.016 
[9] [10]
Overfull \hbox (24.05695pt too wide) in paragraph at lines 560--563
\T1/ptm/m/n/10 and sus-tain-able de-vel-op-ment tar-gets. Eco-log-i-cal In-di-c
a-tors. https://doi.org/10.1016/j.ecolind.2018.11.016 
[11]
Overfull \hbox (24.05695pt too wide) in paragraph at lines 644--647
\T1/ptm/m/n/10 and sus-tain-able de-vel-op-ment tar-gets. Eco-log-i-cal In-di-c
a-tors. https://doi.org/10.1016/j.ecolind.2018.11.016 
[12] [13]
Overfull \hbox (42.84018pt too wide) detected at line 726
\OML/cmm/m/it/10 GRSex \OT1/cmr/m/n/10 = \OML/cmm/m/it/10 min\OT1/cmr/m/n/10 (1
00\OML/cmm/m/it/10 ; \OT1/cmr/m/n/10 (\OML/cmm/m/it/10 MaskedAreaofBufferedGOcc
urrences=TotalAreaofPredictedHabitat\OT1/cmr/m/n/10 ) \OMS/cmsy/m/n/10 ^^C \OT1
/cmr/m/n/10 100)

Overfull \hbox (24.05695pt too wide) in paragraph at lines 762--765
\T1/ptm/m/n/10 and sus-tain-able de-vel-op-ment tar-gets. Eco-log-i-cal In-di-c
a-tors. https://doi.org/10.1016/j.ecolind.2018.11.016 
[14]
Overfull \hbox (37.09273pt too wide) detected at line 793
\OML/cmm/m/it/10 GRSin \OT1/cmr/m/n/10 = \OML/cmm/m/it/10 min\OT1/cmr/m/n/10 (1
00\OML/cmm/m/it/10 ; \OT1/cmr/m/n/10 (\OML/cmm/m/it/10 PredictedHabitatwithinpr
otectedareas=TotalAreaofPredictedHabitat\OT1/cmr/m/n/10 ) \OMS/cmsy/m/n/10 ^^C 
\OT1/cmr/m/n/10 100)

Underfull \vbox (badness 10000) has occurred while \output is active [15]
Overfull \hbox (24.05695pt too wide) in paragraph at lines 830--833
\T1/ptm/m/n/10 and sus-tain-able de-vel-op-ment tar-gets. Eco-log-i-cal In-di-c
a-tors. https://doi.org/10.1016/j.ecolind.2018.11.016 
[16]
Overfull \hbox (24.05695pt too wide) in paragraph at lines 902--905
\T1/ptm/m/n/10 and sus-tain-able de-vel-op-ment tar-gets. Eco-log-i-cal In-di-c
a-tors. https://doi.org/10.1016/j.ecolind.2018.11.016 
[17]
Overfull \hbox (24.05695pt too wide) in paragraph at lines 973--976
\T1/ptm/m/n/10 and sus-tain-able de-vel-op-ment tar-gets. Eco-log-i-cal In-di-c
a-tors. https://doi.org/10.1016/j.ecolind.2018.11.016 
[18]
Overfull \hbox (24.05695pt too wide) in paragraph at lines 1010--1013
\T1/ptm/m/n/10 and sus-tain-able de-vel-op-ment tar-gets. Eco-log-i-cal In-di-c
a-tors. https://doi.org/10.1016/j.ecolind.2018.11.016 

Overfull \hbox (24.05695pt too wide) in paragraph at lines 1051--1054
\T1/ptm/m/n/10 and sus-tain-able de-vel-op-ment tar-gets. Eco-log-i-cal In-di-c
a-tors. https://doi.org/10.1016/j.ecolind.2018.11.016 
[19]
Overfull \hbox (24.05695pt too wide) in paragraph at lines 1110--1113
\T1/ptm/m/n/10 and sus-tain-able de-vel-op-ment tar-gets. Eco-log-i-cal In-di-c
a-tors. https://doi.org/10.1016/j.ecolind.2018.11.016 
[20] [21]
Overfull \hbox (24.05695pt too wide) in paragraph at lines 1195--1198
\T1/ptm/m/n/10 and sus-tain-able de-vel-op-ment tar-gets. Eco-log-i-cal In-di-c
a-tors. https://doi.org/10.1016/j.ecolind.2018.11.016 
[22] (./Rd2.ind [23]

LaTeX Font Warning: Font shape `T1/zi4/m/it' undefined
(Font)              using `T1/zi4/m/n' instead on input line 32.

[24]) (./Rd2.aux)

Package rerunfilecheck Warning: File `Rd2.out' has changed.
(rerunfilecheck)                Rerun to get outlines right
(rerunfilecheck)                or use package `bookmark'.


LaTeX Font Warning: Some font shapes were not available, defaults substituted.

 )
(see the transcript file for additional information){/usr/local/texlive/2019bas
ic/texmf-dist/fonts/enc/dvips/base/8r.enc}{/usr/local/texlive/2019basic/texmf-d
ist/fonts/enc/dvips/inconsolata/i4-t1-0.enc}</usr/local/texlive/2019basic/texmf
-dist/fonts/type1/public/inconsolata/Inconsolata-zi4r.pfb></usr/local/texlive/2
019basic/texmf-dist/fonts/type1/public/amsfonts/cm/cmmi10.pfb></usr/local/texli
ve/2019basic/texmf-dist/fonts/type1/public/amsfonts/cm/cmr10.pfb></usr/local/te
xlive/2019basic/texmf-dist/fonts/type1/public/amsfonts/cm/cmsy10.pfb></usr/loca
l/texlive/2019basic/texmf-dist/fonts/type1/urw/helvetic/uhvr8a.pfb></usr/local/
texlive/2019basic/texmf-dist/fonts/type1/urw/times/utmb8a.pfb></usr/local/texli
ve/2019basic/texmf-dist/fonts/type1/urw/times/utmr8a.pfb></usr/local/texlive/20
19basic/texmf-dist/fonts/type1/urw/times/utmr8a.pfb></usr/local/texlive/2019bas
ic/texmf-dist/fonts/type1/urw/times/utmri8a.pfb>
Output written on Rd2.pdf (24 pages, 153703 bytes).
Transcript written on Rd2.log.
This is makeindex, version 2.15 [TeX Live 2019] (kpathsea + Thai support).
Scanning input file Rd2.idx....done (26 entries accepted, 0 rejected).
Sorting entries....done (123 comparisons).
Generating output file Rd2.ind....done (57 lines written, 0 warnings).
Output written in Rd2.ind.
Transcript written in Rd2.ilg.
This is pdfTeX, Version 3.14159265-2.6-1.40.20 (TeX Live 2019) (preloaded format=pdflatex)
 restricted \write18 enabled.
entering extended mode
LaTeX2e <2019-10-01> patch level 3
(./Rd2.tex
(/usr/local/texlive/2019basic/texmf-dist/tex/latex/base/book.cls
Document Class: book 2019/10/25 v1.4k Standard LaTeX document class
(/usr/local/texlive/2019basic/texmf-dist/tex/latex/base/bk10.clo))
(/Library/Frameworks/R.framework/Resources/share/texmf/tex/latex/Rd.sty
(/usr/local/texlive/2019basic/texmf-dist/tex/latex/base/ifthen.sty)
(/usr/local/texlive/2019basic/texmf-dist/tex/latex/tools/longtable.sty)
(/usr/local/texlive/2019basic/texmf-dist/tex/latex/tools/bm.sty)
(/usr/local/texlive/2019basic/texmf-dist/tex/latex/base/alltt.sty)
(/usr/local/texlive/2019basic/texmf-dist/tex/latex/tools/verbatim.sty)
(/usr/local/texlive/2019basic/texmf-dist/tex/latex/url/url.sty)
(/usr/local/texlive/2019basic/texmf-dist/tex/latex/base/textcomp.sty
(/usr/local/texlive/2019basic/texmf-dist/tex/latex/base/ts1enc.def
(/usr/local/texlive/2019basic/texmf-dist/tex/latex/base/ts1enc.dfu)))
(/usr/local/texlive/2019basic/texmf-dist/tex/latex/base/fontenc.sty
(/usr/local/texlive/2019basic/texmf-dist/tex/latex/base/t1enc.def))
(/usr/local/texlive/2019basic/texmf-dist/tex/latex/psnfss/times.sty)
(/usr/local/texlive/2019basic/texmf-dist/tex/latex/inconsolata/zi4.sty
`inconsolata-zi4' v1.12, 2019/05/17 Text macros for Inconsolata (msharpe)
(/usr/local/texlive/2019basic/texmf-dist/tex/latex/xkeyval/xkeyval.sty
(/usr/local/texlive/2019basic/texmf-dist/tex/generic/xkeyval/xkeyval.tex
(/usr/local/texlive/2019basic/texmf-dist/tex/generic/xkeyval/xkvutils.tex
(/usr/local/texlive/2019basic/texmf-dist/tex/generic/xkeyval/keyval.tex)))))
(/usr/local/texlive/2019basic/texmf-dist/tex/latex/graphics/color.sty
(/usr/local/texlive/2019basic/texmf-dist/tex/latex/graphics-cfg/color.cfg)
(/usr/local/texlive/2019basic/texmf-dist/tex/latex/graphics-def/pdftex.def))
(/usr/local/texlive/2019basic/texmf-dist/tex/latex/hyperref/hyperref.sty
(/usr/local/texlive/2019basic/texmf-dist/tex/generic/ltxcmds/ltxcmds.sty)
(/usr/local/texlive/2019basic/texmf-dist/tex/generic/iftex/iftex.sty)
(/usr/local/texlive/2019basic/texmf-dist/tex/latex/pdftexcmds/pdftexcmds.sty
(/usr/local/texlive/2019basic/texmf-dist/tex/generic/infwarerr/infwarerr.sty))
(/usr/local/texlive/2019basic/texmf-dist/tex/generic/kvsetkeys/kvsetkeys.sty)
(/usr/local/texlive/2019basic/texmf-dist/tex/generic/kvdefinekeys/kvdefinekeys.
sty)
(/usr/local/texlive/2019basic/texmf-dist/tex/generic/pdfescape/pdfescape.sty)
(/usr/local/texlive/2019basic/texmf-dist/tex/latex/hycolor/hycolor.sty
(/usr/local/texlive/2019basic/texmf-dist/tex/latex/hycolor/xcolor-patch.sty
(/usr/local/texlive/2019basic/texmf-dist/tex/latex/oberdiek/hopatch.sty)))
(/usr/local/texlive/2019basic/texmf-dist/tex/latex/letltxmacro/letltxmacro.sty)
 (/usr/local/texlive/2019basic/texmf-dist/tex/latex/auxhook/auxhook.sty)
(/usr/local/texlive/2019basic/texmf-dist/tex/latex/kvoptions/kvoptions.sty)
(/usr/local/texlive/2019basic/texmf-dist/tex/latex/hyperref/pd1enc.def)
(/usr/local/texlive/2019basic/texmf-dist/tex/generic/intcalc/intcalc.sty)
(/usr/local/texlive/2019basic/texmf-dist/tex/generic/etexcmds/etexcmds.sty)
(/usr/local/texlive/2019basic/texmf-dist/tex/generic/bitset/bitset.sty
(/usr/local/texlive/2019basic/texmf-dist/tex/generic/bigintcalc/bigintcalc.sty)
) (/usr/local/texlive/2019basic/texmf-dist/tex/generic/atbegshi/atbegshi.sty))
(/usr/local/texlive/2019basic/texmf-dist/tex/latex/hyperref/hpdftex.def
(/usr/local/texlive/2019basic/texmf-dist/tex/latex/atveryend/atveryend.sty)
(/usr/local/texlive/2019basic/texmf-dist/tex/latex/rerunfilecheck/rerunfilechec
k.sty
(/usr/local/texlive/2019basic/texmf-dist/tex/generic/uniquecounter/uniquecounte
r.sty)))

Package hyperref Warning: Option `hyperindex' has already been used,
(hyperref)                setting the option has no effect on input line 366.


Package hyperref Warning: Option `pagebackref' has already been used,
(hyperref)                setting the option has no effect on input line 366.

) (/usr/local/texlive/2019basic/texmf-dist/tex/latex/base/makeidx.sty)
(/usr/local/texlive/2019basic/texmf-dist/tex/latex/base/inputenc.sty)
Writing index file Rd2.idx
(./Rd2.aux) (/usr/local/texlive/2019basic/texmf-dist/tex/latex/base/ts1cmr.fd)
(/usr/local/texlive/2019basic/texmf-dist/tex/latex/psnfss/t1ptm.fd)
(/usr/local/texlive/2019basic/texmf-dist/tex/context/base/mkii/supp-pdf.mkii
[Loading MPS to PDF converter (version 2006.09.02).]
) (/usr/local/texlive/2019basic/texmf-dist/tex/latex/hyperref/nameref.sty
(/usr/local/texlive/2019basic/texmf-dist/tex/latex/refcount/refcount.sty)
(/usr/local/texlive/2019basic/texmf-dist/tex/generic/gettitlestring/gettitlestr
ing.sty)) (./Rd2.out) (./Rd2.out)
(/usr/local/texlive/2019basic/texmf-dist/tex/latex/inconsolata/t1zi4.fd)
(/usr/local/texlive/2019basic/texmf-dist/tex/latex/psnfss/t1phv.fd) (./Rd2.toc
[1{/usr/local/texlive/2019basic/texmf-var/fonts/map/pdftex/updmap/pdftex.map}])
[2] [3] [4]
Overfull \hbox (187.43742pt too wide) detected at line 219
\OML/cmm/m/it/10 ERSex \OT1/cmr/m/n/10 = \OML/cmm/m/it/10 min\OT1/cmr/m/n/10 (1
00\OML/cmm/m/it/10 ; \OT1/cmr/m/n/10 (\OML/cmm/m/it/10 Numberofecoregionswith\O
T1/cmr/m/n/10 50\OML/cmm/m/it/10 kmofGOccurrences=NumberofEcoregionsPresentwith
inthePredicthabitat\OT1/cmr/m/n/10 ) \OMS/cmsy/m/n/10 ^^C \OT1/cmr/m/n/10 100)

Overfull \vbox (17.20587pt too high) has occurred while \output is active
[5]
Overfull \hbox (24.05695pt too wide) in paragraph at lines 258--261
\T1/ptm/m/n/10 and sus-tain-able de-vel-op-ment tar-gets. Eco-log-i-cal In-di-c
a-tors. https://doi.org/10.1016/j.ecolind.2018.11.016 

Overfull \hbox (289.41573pt too wide) detected at line 289
\OML/cmm/m/it/10 ERSin \OT1/cmr/m/n/10 = \OML/cmm/m/it/10 min\OT1/cmr/m/n/10 (1
00\OML/cmm/m/it/10 ; \OT1/cmr/m/n/10 (\OML/cmm/m/it/10 Numberofecoregionsofgerm
plasmoccurrencesinprotectedareas=NumberofecoregionsofpredictedHabitatwithinprot
ectedareas\OT1/cmr/m/n/10 ) \OMS/cmsy/m/n/10 ^^C \OT1/cmr/m/n/10 100)
[6]
Overfull \hbox (24.05695pt too wide) in paragraph at lines 329--332
\T1/ptm/m/n/10 and sus-tain-able de-vel-op-ment tar-gets. Eco-log-i-cal In-di-c
a-tors. https://doi.org/10.1016/j.ecolind.2018.11.016 
[7]
Overfull \hbox (24.05695pt too wide) in paragraph at lines 408--411
\T1/ptm/m/n/10 and sus-tain-able de-vel-op-ment tar-gets. Eco-log-i-cal In-di-c
a-tors. https://doi.org/10.1016/j.ecolind.2018.11.016 
[8]
Overfull \hbox (24.05695pt too wide) in paragraph at lines 478--481
\T1/ptm/m/n/10 and sus-tain-able de-vel-op-ment tar-gets. Eco-log-i-cal In-di-c
a-tors. https://doi.org/10.1016/j.ecolind.2018.11.016 
[9] [10]
Overfull \hbox (24.05695pt too wide) in paragraph at lines 560--563
\T1/ptm/m/n/10 and sus-tain-able de-vel-op-ment tar-gets. Eco-log-i-cal In-di-c
a-tors. https://doi.org/10.1016/j.ecolind.2018.11.016 
[11]
Overfull \hbox (24.05695pt too wide) in paragraph at lines 644--647
\T1/ptm/m/n/10 and sus-tain-able de-vel-op-ment tar-gets. Eco-log-i-cal In-di-c
a-tors. https://doi.org/10.1016/j.ecolind.2018.11.016 
[12] [13]
Overfull \hbox (42.84018pt too wide) detected at line 726
\OML/cmm/m/it/10 GRSex \OT1/cmr/m/n/10 = \OML/cmm/m/it/10 min\OT1/cmr/m/n/10 (1
00\OML/cmm/m/it/10 ; \OT1/cmr/m/n/10 (\OML/cmm/m/it/10 MaskedAreaofBufferedGOcc
urrences=TotalAreaofPredictedHabitat\OT1/cmr/m/n/10 ) \OMS/cmsy/m/n/10 ^^C \OT1
/cmr/m/n/10 100)

Overfull \hbox (24.05695pt too wide) in paragraph at lines 762--765
\T1/ptm/m/n/10 and sus-tain-able de-vel-op-ment tar-gets. Eco-log-i-cal In-di-c
a-tors. https://doi.org/10.1016/j.ecolind.2018.11.016 
[14]
Overfull \hbox (37.09273pt too wide) detected at line 793
\OML/cmm/m/it/10 GRSin \OT1/cmr/m/n/10 = \OML/cmm/m/it/10 min\OT1/cmr/m/n/10 (1
00\OML/cmm/m/it/10 ; \OT1/cmr/m/n/10 (\OML/cmm/m/it/10 PredictedHabitatwithinpr
otectedareas=TotalAreaofPredictedHabitat\OT1/cmr/m/n/10 ) \OMS/cmsy/m/n/10 ^^C 
\OT1/cmr/m/n/10 100)

Underfull \vbox (badness 10000) has occurred while \output is active [15]
Overfull \hbox (24.05695pt too wide) in paragraph at lines 830--833
\T1/ptm/m/n/10 and sus-tain-able de-vel-op-ment tar-gets. Eco-log-i-cal In-di-c
a-tors. https://doi.org/10.1016/j.ecolind.2018.11.016 
[16]
Overfull \hbox (24.05695pt too wide) in paragraph at lines 902--905
\T1/ptm/m/n/10 and sus-tain-able de-vel-op-ment tar-gets. Eco-log-i-cal In-di-c
a-tors. https://doi.org/10.1016/j.ecolind.2018.11.016 
[17]
Overfull \hbox (24.05695pt too wide) in paragraph at lines 973--976
\T1/ptm/m/n/10 and sus-tain-able de-vel-op-ment tar-gets. Eco-log-i-cal In-di-c
a-tors. https://doi.org/10.1016/j.ecolind.2018.11.016 
[18]
Overfull \hbox (24.05695pt too wide) in paragraph at lines 1010--1013
\T1/ptm/m/n/10 and sus-tain-able de-vel-op-ment tar-gets. Eco-log-i-cal In-di-c
a-tors. https://doi.org/10.1016/j.ecolind.2018.11.016 

Overfull \hbox (24.05695pt too wide) in paragraph at lines 1051--1054
\T1/ptm/m/n/10 and sus-tain-able de-vel-op-ment tar-gets. Eco-log-i-cal In-di-c
a-tors. https://doi.org/10.1016/j.ecolind.2018.11.016 
[19]
Overfull \hbox (24.05695pt too wide) in paragraph at lines 1110--1113
\T1/ptm/m/n/10 and sus-tain-able de-vel-op-ment tar-gets. Eco-log-i-cal In-di-c
a-tors. https://doi.org/10.1016/j.ecolind.2018.11.016 
[20] [21]
Overfull \hbox (24.05695pt too wide) in paragraph at lines 1195--1198
\T1/ptm/m/n/10 and sus-tain-able de-vel-op-ment tar-gets. Eco-log-i-cal In-di-c
a-tors. https://doi.org/10.1016/j.ecolind.2018.11.016 
[22] (./Rd2.ind [23]

LaTeX Font Warning: Font shape `T1/zi4/m/it' undefined
(Font)              using `T1/zi4/m/n' instead on input line 32.

[24]) (./Rd2.aux)

LaTeX Font Warning: Some font shapes were not available, defaults substituted.

 )
(see the transcript file for additional information){/usr/local/texlive/2019bas
ic/texmf-dist/fonts/enc/dvips/base/8r.enc}{/usr/local/texlive/2019basic/texmf-d
ist/fonts/enc/dvips/inconsolata/i4-t1-0.enc}</usr/local/texlive/2019basic/texmf
-dist/fonts/type1/public/inconsolata/Inconsolata-zi4r.pfb></usr/local/texlive/2
019basic/texmf-dist/fonts/type1/public/amsfonts/cm/cmmi10.pfb></usr/local/texli
ve/2019basic/texmf-dist/fonts/type1/public/amsfonts/cm/cmr10.pfb></usr/local/te
xlive/2019basic/texmf-dist/fonts/type1/public/amsfonts/cm/cmsy10.pfb></usr/loca
l/texlive/2019basic/texmf-dist/fonts/type1/urw/helvetic/uhvr8a.pfb></usr/local/
texlive/2019basic/texmf-dist/fonts/type1/urw/times/utmb8a.pfb></usr/local/texli
ve/2019basic/texmf-dist/fonts/type1/urw/times/utmr8a.pfb></usr/local/texlive/20
19basic/texmf-dist/fonts/type1/urw/times/utmr8a.pfb></usr/local/texlive/2019bas
ic/texmf-dist/fonts/type1/urw/times/utmri8a.pfb>
Output written on Rd2.pdf (24 pages, 154573 bytes).
Transcript written on Rd2.log.
Saving output to ‘GapAnalysis-manual.pdf’ ...
Done
You may want to clean up by 'rm -Rf /var/folders/jh/pcl8c5r12q5d2r7tcr0ghv8w0000gn/T//RtmpF3GKs6/Rd2pdf593510eac51e'
